<?xml version="1.0" encoding="UTF-8"?>
<testng-results skipped="0" failed="0" ignored="0" total="1" passed="1">
  <reporter-output>
  </reporter-output>
  <suite name="OrangeHRM app login test" duration-ms="35433" started-at="2020-12-30T19:45:21 IST" finished-at="2020-12-30T19:45:56 IST">
    <groups>
    </groups>
    <test name="orangeHRMlogin" duration-ms="35433" started-at="2020-12-30T19:45:21 IST" finished-at="2020-12-30T19:45:56 IST">
      <class name="com.HRM.setup.HRMLogin">
        <test-method status="PASS" signature="setUp(java.lang.String, java.lang.String)[pri:0, instance:com.HRM.setup.HRMLogin@711f39f9]" name="setUp" is-config="true" duration-ms="22758" started-at="2020-12-30T19:45:21 IST" finished-at="2020-12-30T19:45:43 IST">
          <params>
            <param index="0">
              <value>
                <![CDATA[FireFox]]>
              </value>
            </param>
            <param index="1">
              <value>
                <![CDATA[https://opensource-demo.orangehrmlive.com/index.php/pim/viewMyDetails]]>
              </value>
            </param>
          </params>
          <reporter-output>
          </reporter-output>
        </test-method> <!-- setUp -->
        <test-method status="PASS" signature="verifyLogin(java.lang.String, java.lang.String)[pri:0, instance:com.HRM.setup.HRMLogin@711f39f9]" name="verifyLogin" duration-ms="9950" started-at="2020-12-30T19:45:44 IST" finished-at="2020-12-30T19:45:53 IST">
          <params>
            <param index="0">
              <value>
                <![CDATA[Admin]]>
              </value>
            </param>
            <param index="1">
              <value>
                <![CDATA[admin123]]>
              </value>
            </param>
          </params>
          <reporter-output>
          </reporter-output>
        </test-method> <!-- verifyLogin -->
        <test-method status="PASS" signature="tearDown()[pri:0, instance:com.HRM.setup.HRMLogin@711f39f9]" name="tearDown" is-config="true" duration-ms="2667" started-at="2020-12-30T19:45:53 IST" finished-at="2020-12-30T19:45:56 IST">
          <reporter-output>
          </reporter-output>
        </test-method> <!-- tearDown -->
      </class> <!-- com.HRM.setup.HRMLogin -->
    </test> <!-- orangeHRMlogin -->
  </suite> <!-- OrangeHRM app login test -->
</testng-results>
